2023-03-17 00:00:20,522 DEBUG [HikariPool-1 housekeeper][HikariPool.java:417] - HikariPool-1 - Pool stats (total=10, active=0, idle=10, waiting=0)
2023-03-17 00:00:20,522 DEBUG [HikariPool-1 housekeeper][HikariPool.java:417] - HikariPool-1 - Pool stats (total=10, active=0, idle=10, waiting=0)
2023-03-17 00:00:44,636 DEBUG [HikariPool-1 housekeeper][HikariPool.java:417] - HikariPool-1 - Pool stats (total=10, active=0, idle=10, waiting=0)
2023-03-17 00:00:44,636 DEBUG [HikariPool-1 housekeeper][HikariPool.java:417] - HikariPool-1 - Pool stats (total=10, active=0, idle=10, waiting=0)
2023-03-17 00:00:50,540 DEBUG [HikariPool-1 housekeeper][HikariPool.java:417] - HikariPool-1 - Pool stats (total=10, active=0, idle=10, waiting=0)
2023-03-17 00:00:50,540 DEBUG [HikariPool-1 housekeeper][HikariPool.java:417] - HikariPool-1 - Pool stats (total=10, active=0, idle=10, waiting=0)
2023-03-17 00:01:14,652 DEBUG [HikariPool-1 housekeeper][HikariPool.java:417] - HikariPool-1 - Pool stats (total=10, active=0, idle=10, waiting=0)
2023-03-17 00:01:14,652 DEBUG [HikariPool-1 housekeeper][HikariPool.java:417] - HikariPool-1 - Pool stats (total=10, active=0, idle=10, waiting=0)
2023-03-17 00:01:20,542 DEBUG [HikariPool-1 housekeeper][HikariPool.java:417] - HikariPool-1 - Pool stats (total=10, active=0, idle=10, waiting=0)
2023-03-17 00:01:20,542 DEBUG [HikariPool-1 housekeeper][HikariPool.java:417] - HikariPool-1 - Pool stats (total=10, active=0, idle=10, waiting=0)
2023-03-17 00:01:44,665 DEBUG [HikariPool-1 housekeeper][HikariPool.java:417] - HikariPool-1 - Pool stats (total=10, active=0, idle=10, waiting=0)
2023-03-17 00:01:44,665 DEBUG [HikariPool-1 housekeeper][HikariPool.java:417] - HikariPool-1 - Pool stats (total=10, active=0, idle=10, waiting=0)
2023-03-17 00:01:50,555 DEBUG [HikariPool-1 housekeeper][HikariPool.java:417] - HikariPool-1 - Pool stats (total=10, active=0, idle=10, waiting=0)
2023-03-17 00:01:50,555 DEBUG [HikariPool-1 housekeeper][HikariPool.java:417] - HikariPool-1 - Pool stats (total=10, active=0, idle=10, waiting=0)
2023-03-17 00:02:14,666 DEBUG [HikariPool-1 housekeeper][HikariPool.java:417] - HikariPool-1 - Pool stats (total=10, active=0, idle=10, waiting=0)
2023-03-17 00:02:14,666 DEBUG [HikariPool-1 housekeeper][HikariPool.java:417] - HikariPool-1 - Pool stats (total=10, active=0, idle=10, waiting=0)
2023-03-17 00:02:20,558 DEBUG [HikariPool-1 housekeeper][HikariPool.java:417] - HikariPool-1 - Pool stats (total=10, active=0, idle=10, waiting=0)
2023-03-17 00:02:20,558 DEBUG [HikariPool-1 housekeeper][HikariPool.java:417] - HikariPool-1 - Pool stats (total=10, active=0, idle=10, waiting=0)
2023-03-17 00:02:44,669 DEBUG [HikariPool-1 housekeeper][HikariPool.java:417] - HikariPool-1 - Pool stats (total=10, active=0, idle=10, waiting=0)
2023-03-17 00:02:44,669 DEBUG [HikariPool-1 housekeeper][HikariPool.java:417] - HikariPool-1 - Pool stats (total=10, active=0, idle=10, waiting=0)
2023-03-17 00:02:50,569 DEBUG [HikariPool-1 housekeeper][HikariPool.java:417] - HikariPool-1 - Pool stats (total=10, active=0, idle=10, waiting=0)
2023-03-17 00:02:50,569 DEBUG [HikariPool-1 housekeeper][HikariPool.java:417] - HikariPool-1 - Pool stats (total=10, active=0, idle=10, waiting=0)
2023-03-17 00:03:14,678 DEBUG [HikariPool-1 housekeeper][HikariPool.java:417] - HikariPool-1 - Pool stats (total=10, active=0, idle=10, waiting=0)
2023-03-17 00:03:14,678 DEBUG [HikariPool-1 housekeeper][HikariPool.java:417] - HikariPool-1 - Pool stats (total=10, active=0, idle=10, waiting=0)
2023-03-17 00:03:20,570 DEBUG [HikariPool-1 housekeeper][HikariPool.java:417] - HikariPool-1 - Pool stats (total=10, active=0, idle=10, waiting=0)
2023-03-17 00:03:20,570 DEBUG [HikariPool-1 housekeeper][HikariPool.java:417] - HikariPool-1 - Pool stats (total=10, active=0, idle=10, waiting=0)
2023-03-17 00:03:44,685 DEBUG [HikariPool-1 housekeeper][HikariPool.java:417] - HikariPool-1 - Pool stats (total=10, active=0, idle=10, waiting=0)
2023-03-17 00:03:44,685 DEBUG [HikariPool-1 housekeeper][HikariPool.java:417] - HikariPool-1 - Pool stats (total=10, active=0, idle=10, waiting=0)
2023-03-17 00:03:50,580 DEBUG [HikariPool-1 housekeeper][HikariPool.java:417] - HikariPool-1 - Pool stats (total=10, active=0, idle=10, waiting=0)
2023-03-17 00:03:50,580 DEBUG [HikariPool-1 housekeeper][HikariPool.java:417] - HikariPool-1 - Pool stats (total=10, active=0, idle=10, waiting=0)
2023-03-17 00:04:14,697 DEBUG [HikariPool-1 housekeeper][HikariPool.java:417] - HikariPool-1 - Pool stats (total=10, active=0, idle=10, waiting=0)
2023-03-17 00:04:14,697 DEBUG [HikariPool-1 housekeeper][HikariPool.java:417] - HikariPool-1 - Pool stats (total=10, active=0, idle=10, waiting=0)
2023-03-17 00:04:35,619 DEBUG [SpringContextShutdownHook][AbstractApplicationContext.java:1005] - Closing org.springframework.boot.web.servlet.context.AnnotationConfigServletWebServerApplicationContext@322803db, started on Thu Mar 16 22:13:33 CST 2023, parent: org.springframework.context.annotation.AnnotationConfigApplicationContext@4da855dd
2023-03-17 00:04:35,619 DEBUG [SpringContextShutdownHook][AbstractApplicationContext.java:1005] - Closing org.springframework.boot.web.servlet.context.AnnotationConfigServletWebServerApplicationContext@322803db, started on Thu Mar 16 22:13:33 CST 2023, parent: org.springframework.context.annotation.AnnotationConfigApplicationContext@4da855dd
2023-03-17 00:04:35,620 DEBUG [SpringContextShutdownHook][DefaultLifecycleProcessor.java:369] - Stopping beans in phase 2147483647
2023-03-17 00:04:35,620 DEBUG [SpringContextShutdownHook][DefaultLifecycleProcessor.java:369] - Stopping beans in phase 2147483647
2023-03-17 00:04:35,621 DEBUG [SpringContextShutdownHook][DefaultLifecycleProcessor.java:242] - Bean 'documentationPluginsBootstrapper' completed its stop procedure
2023-03-17 00:04:35,621 DEBUG [SpringContextShutdownHook][DefaultLifecycleProcessor.java:242] - Bean 'documentationPluginsBootstrapper' completed its stop procedure
2023-03-17 00:04:35,622 DEBUG [SpringContextShutdownHook][MBeanExporter.java:452] - Unregistering JMX-exposed beans on shutdown
2023-03-17 00:04:35,622 DEBUG [SpringContextShutdownHook][MBeanExporter.java:452] - Unregistering JMX-exposed beans on shutdown
2023-03-17 00:04:35,622 DEBUG [SpringContextShutdownHook][MBeanRegistrationSupport.java:186] - Unregistering JMX-exposed beans
2023-03-17 00:04:35,622 DEBUG [SpringContextShutdownHook][MBeanRegistrationSupport.java:186] - Unregistering JMX-exposed beans
2023-03-17 00:04:35,623 INFO [SpringContextShutdownHook][ExecutorConfigurationSupport.java:208] - Shutting down ExecutorService 'applicationTaskExecutor'
2023-03-17 00:04:35,623 INFO [SpringContextShutdownHook][ExecutorConfigurationSupport.java:208] - Shutting down ExecutorService 'applicationTaskExecutor'
2023-03-17 00:04:35,624 INFO [SpringContextShutdownHook][HikariDataSource.java:350] - HikariPool-1 - Shutdown initiated...
2023-03-17 00:04:35,624 INFO [SpringContextShutdownHook][HikariDataSource.java:350] - HikariPool-1 - Shutdown initiated...
2023-03-17 00:04:35,625 DEBUG [SpringContextShutdownHook][HikariPool.java:417] - HikariPool-1 - Before shutdown stats (total=10, active=0, idle=10, waiting=0)
2023-03-17 00:04:35,625 DEBUG [SpringContextShutdownHook][HikariPool.java:417] - HikariPool-1 - Before shutdown stats (total=10, active=0, idle=10, waiting=0)
2023-03-17 00:04:35,626 DEBUG [HikariPool-1 connection closer][PoolBase.java:129] - HikariPool-1 - Closing connection com.mysql.cj.jdbc.ConnectionImpl@1f3dd978: (connection evicted)
2023-03-17 00:04:35,626 DEBUG [HikariPool-1 connection closer][PoolBase.java:129] - HikariPool-1 - Closing connection com.mysql.cj.jdbc.ConnectionImpl@1f3dd978: (connection evicted)
2023-03-17 00:04:35,626 DEBUG [HikariPool-1 connection closer][PoolBase.java:129] - HikariPool-1 - Closing connection com.mysql.cj.jdbc.ConnectionImpl@7c503b1e: (connection evicted)
2023-03-17 00:04:35,626 DEBUG [HikariPool-1 connection closer][PoolBase.java:129] - HikariPool-1 - Closing connection com.mysql.cj.jdbc.ConnectionImpl@7c503b1e: (connection evicted)
2023-03-17 00:04:35,626 DEBUG [HikariPool-1 connection closer][PoolBase.java:129] - HikariPool-1 - Closing connection com.mysql.cj.jdbc.ConnectionImpl@821a60e: (connection evicted)
2023-03-17 00:04:35,626 DEBUG [HikariPool-1 connection closer][PoolBase.java:129] - HikariPool-1 - Closing connection com.mysql.cj.jdbc.ConnectionImpl@821a60e: (connection evicted)
2023-03-17 00:04:35,627 DEBUG [HikariPool-1 connection closer][PoolBase.java:129] - HikariPool-1 - Closing connection com.mysql.cj.jdbc.ConnectionImpl@39e43112: (connection evicted)
2023-03-17 00:04:35,627 DEBUG [HikariPool-1 connection closer][PoolBase.java:129] - HikariPool-1 - Closing connection com.mysql.cj.jdbc.ConnectionImpl@39e43112: (connection evicted)
2023-03-17 00:04:35,628 DEBUG [HikariPool-1 connection closer][PoolBase.java:129] - HikariPool-1 - Closing connection com.mysql.cj.jdbc.ConnectionImpl@509f7a8d: (connection evicted)
2023-03-17 00:04:35,628 DEBUG [HikariPool-1 connection closer][PoolBase.java:129] - HikariPool-1 - Closing connection com.mysql.cj.jdbc.ConnectionImpl@509f7a8d: (connection evicted)
2023-03-17 00:04:35,628 DEBUG [HikariPool-1 connection closer][PoolBase.java:129] - HikariPool-1 - Closing connection com.mysql.cj.jdbc.ConnectionImpl@24429982: (connection evicted)
2023-03-17 00:04:35,628 DEBUG [HikariPool-1 connection closer][PoolBase.java:129] - HikariPool-1 - Closing connection com.mysql.cj.jdbc.ConnectionImpl@24429982: (connection evicted)
2023-03-17 00:04:35,628 DEBUG [HikariPool-1 connection closer][PoolBase.java:129] - HikariPool-1 - Closing connection com.mysql.cj.jdbc.ConnectionImpl@5b557500: (connection evicted)
2023-03-17 00:04:35,628 DEBUG [HikariPool-1 connection closer][PoolBase.java:129] - HikariPool-1 - Closing connection com.mysql.cj.jdbc.ConnectionImpl@5b557500: (connection evicted)
2023-03-17 00:04:35,629 DEBUG [HikariPool-1 connection closer][PoolBase.java:129] - HikariPool-1 - Closing connection com.mysql.cj.jdbc.ConnectionImpl@2f03cebb: (connection evicted)
2023-03-17 00:04:35,629 DEBUG [HikariPool-1 connection closer][PoolBase.java:129] - HikariPool-1 - Closing connection com.mysql.cj.jdbc.ConnectionImpl@2f03cebb: (connection evicted)
2023-03-17 00:04:35,629 DEBUG [HikariPool-1 connection closer][PoolBase.java:129] - HikariPool-1 - Closing connection com.mysql.cj.jdbc.ConnectionImpl@18e4bf46: (connection evicted)
2023-03-17 00:04:35,629 DEBUG [HikariPool-1 connection closer][PoolBase.java:129] - HikariPool-1 - Closing connection com.mysql.cj.jdbc.ConnectionImpl@18e4bf46: (connection evicted)
2023-03-17 00:04:35,630 DEBUG [HikariPool-1 connection closer][PoolBase.java:129] - HikariPool-1 - Closing connection com.mysql.cj.jdbc.ConnectionImpl@6c717ee0: (connection evicted)
2023-03-17 00:04:35,630 DEBUG [HikariPool-1 connection closer][PoolBase.java:129] - HikariPool-1 - Closing connection com.mysql.cj.jdbc.ConnectionImpl@6c717ee0: (connection evicted)
2023-03-17 00:04:35,631 DEBUG [SpringContextShutdownHook][HikariPool.java:417] - HikariPool-1 - After shutdown stats (total=0, active=0, idle=0, waiting=0)
2023-03-17 00:04:35,631 DEBUG [SpringContextShutdownHook][HikariPool.java:417] - HikariPool-1 - After shutdown stats (total=0, active=0, idle=0, waiting=0)
2023-03-17 00:04:35,631 INFO [SpringContextShutdownHook][HikariDataSource.java:352] - HikariPool-1 - Shutdown completed.
2023-03-17 00:04:35,631 INFO [SpringContextShutdownHook][HikariDataSource.java:352] - HikariPool-1 - Shutdown completed.
