2023-03-14 13:00:07,554 DEBUG [HikariPool-1 housekeeper][HikariPool.java:417] - HikariPool-1 - Pool stats (total=10, active=0, idle=10, waiting=0)
2023-03-14 13:00:07,554 DEBUG [HikariPool-1 housekeeper][HikariPool.java:417] - HikariPool-1 - Pool stats (total=10, active=0, idle=10, waiting=0)
2023-03-14 13:00:37,567 DEBUG [HikariPool-1 housekeeper][HikariPool.java:417] - HikariPool-1 - Pool stats (total=10, active=0, idle=10, waiting=0)
2023-03-14 13:00:37,567 DEBUG [HikariPool-1 housekeeper][HikariPool.java:417] - HikariPool-1 - Pool stats (total=10, active=0, idle=10, waiting=0)
2023-03-14 13:01:07,583 DEBUG [HikariPool-1 housekeeper][HikariPool.java:417] - HikariPool-1 - Pool stats (total=10, active=0, idle=10, waiting=0)
2023-03-14 13:01:07,583 DEBUG [HikariPool-1 housekeeper][HikariPool.java:417] - HikariPool-1 - Pool stats (total=10, active=0, idle=10, waiting=0)
2023-03-14 13:01:37,586 DEBUG [HikariPool-1 housekeeper][HikariPool.java:417] - HikariPool-1 - Pool stats (total=10, active=0, idle=10, waiting=0)
2023-03-14 13:01:37,586 DEBUG [HikariPool-1 housekeeper][HikariPool.java:417] - HikariPool-1 - Pool stats (total=10, active=0, idle=10, waiting=0)
2023-03-14 13:01:58,659 DEBUG [HikariPool-1 connection closer][PoolBase.java:129] - HikariPool-1 - Closing connection com.mysql.cj.jdbc.ConnectionImpl@2ea44b6f: (connection has passed maxLifetime)
2023-03-14 13:01:58,659 DEBUG [HikariPool-1 connection closer][PoolBase.java:129] - HikariPool-1 - Closing connection com.mysql.cj.jdbc.ConnectionImpl@2ea44b6f: (connection has passed maxLifetime)
2023-03-14 13:01:58,663 DEBUG [HikariPool-1 connection adder][HikariPool.java:730] - HikariPool-1 - Added connection com.mysql.cj.jdbc.ConnectionImpl@40ea04f
2023-03-14 13:01:58,663 DEBUG [HikariPool-1 connection adder][HikariPool.java:730] - HikariPool-1 - Added connection com.mysql.cj.jdbc.ConnectionImpl@40ea04f
2023-03-14 13:02:06,146 DEBUG [HikariPool-1 connection closer][PoolBase.java:129] - HikariPool-1 - Closing connection com.mysql.cj.jdbc.ConnectionImpl@41d21b59: (connection has passed maxLifetime)
2023-03-14 13:02:06,146 DEBUG [HikariPool-1 connection closer][PoolBase.java:129] - HikariPool-1 - Closing connection com.mysql.cj.jdbc.ConnectionImpl@41d21b59: (connection has passed maxLifetime)
2023-03-14 13:02:06,149 DEBUG [HikariPool-1 connection adder][HikariPool.java:730] - HikariPool-1 - Added connection com.mysql.cj.jdbc.ConnectionImpl@132a89ee
2023-03-14 13:02:06,149 DEBUG [HikariPool-1 connection adder][HikariPool.java:730] - HikariPool-1 - Added connection com.mysql.cj.jdbc.ConnectionImpl@132a89ee
2023-03-14 13:02:07,599 DEBUG [HikariPool-1 housekeeper][HikariPool.java:417] - HikariPool-1 - Pool stats (total=10, active=0, idle=10, waiting=0)
2023-03-14 13:02:07,599 DEBUG [HikariPool-1 housekeeper][HikariPool.java:417] - HikariPool-1 - Pool stats (total=10, active=0, idle=10, waiting=0)
2023-03-14 13:02:09,029 DEBUG [HikariPool-1 connection closer][PoolBase.java:129] - HikariPool-1 - Closing connection com.mysql.cj.jdbc.ConnectionImpl@3bd7e3af: (connection has passed maxLifetime)
2023-03-14 13:02:09,029 DEBUG [HikariPool-1 connection closer][PoolBase.java:129] - HikariPool-1 - Closing connection com.mysql.cj.jdbc.ConnectionImpl@3bd7e3af: (connection has passed maxLifetime)
2023-03-14 13:02:09,032 DEBUG [HikariPool-1 connection adder][HikariPool.java:730] - HikariPool-1 - Added connection com.mysql.cj.jdbc.ConnectionImpl@521783d5
2023-03-14 13:02:09,032 DEBUG [HikariPool-1 connection adder][HikariPool.java:730] - HikariPool-1 - Added connection com.mysql.cj.jdbc.ConnectionImpl@521783d5
2023-03-14 13:02:35,694 DEBUG [HikariPool-1 connection closer][PoolBase.java:129] - HikariPool-1 - Closing connection com.mysql.cj.jdbc.ConnectionImpl@32bea5d: (connection has passed maxLifetime)
2023-03-14 13:02:35,694 DEBUG [HikariPool-1 connection closer][PoolBase.java:129] - HikariPool-1 - Closing connection com.mysql.cj.jdbc.ConnectionImpl@32bea5d: (connection has passed maxLifetime)
2023-03-14 13:02:35,698 DEBUG [HikariPool-1 connection adder][HikariPool.java:730] - HikariPool-1 - Added connection com.mysql.cj.jdbc.ConnectionImpl@3a610ef5
2023-03-14 13:02:35,698 DEBUG [HikariPool-1 connection adder][HikariPool.java:730] - HikariPool-1 - Added connection com.mysql.cj.jdbc.ConnectionImpl@3a610ef5
2023-03-14 13:02:37,601 DEBUG [HikariPool-1 housekeeper][HikariPool.java:417] - HikariPool-1 - Pool stats (total=10, active=0, idle=10, waiting=0)
2023-03-14 13:02:37,601 DEBUG [HikariPool-1 housekeeper][HikariPool.java:417] - HikariPool-1 - Pool stats (total=10, active=0, idle=10, waiting=0)
2023-03-14 13:02:40,179 DEBUG [HikariPool-1 connection closer][PoolBase.java:129] - HikariPool-1 - Closing connection com.mysql.cj.jdbc.ConnectionImpl@7aeae994: (connection has passed maxLifetime)
2023-03-14 13:02:40,179 DEBUG [HikariPool-1 connection closer][PoolBase.java:129] - HikariPool-1 - Closing connection com.mysql.cj.jdbc.ConnectionImpl@7aeae994: (connection has passed maxLifetime)
2023-03-14 13:02:40,182 DEBUG [HikariPool-1 connection adder][HikariPool.java:730] - HikariPool-1 - Added connection com.mysql.cj.jdbc.ConnectionImpl@7b5c04ce
2023-03-14 13:02:40,182 DEBUG [HikariPool-1 connection adder][HikariPool.java:730] - HikariPool-1 - Added connection com.mysql.cj.jdbc.ConnectionImpl@7b5c04ce
2023-03-14 13:02:41,887 DEBUG [HikariPool-1 connection closer][PoolBase.java:129] - HikariPool-1 - Closing connection com.mysql.cj.jdbc.ConnectionImpl@67c5dbf: (connection has passed maxLifetime)
2023-03-14 13:02:41,887 DEBUG [HikariPool-1 connection closer][PoolBase.java:129] - HikariPool-1 - Closing connection com.mysql.cj.jdbc.ConnectionImpl@67c5dbf: (connection has passed maxLifetime)
2023-03-14 13:02:41,890 DEBUG [HikariPool-1 connection adder][HikariPool.java:730] - HikariPool-1 - Added connection com.mysql.cj.jdbc.ConnectionImpl@4aeddc90
2023-03-14 13:02:41,890 DEBUG [HikariPool-1 connection adder][HikariPool.java:730] - HikariPool-1 - Added connection com.mysql.cj.jdbc.ConnectionImpl@4aeddc90
2023-03-14 13:02:44,174 DEBUG [HikariPool-1 connection closer][PoolBase.java:129] - HikariPool-1 - Closing connection com.mysql.cj.jdbc.ConnectionImpl@47415784: (connection has passed maxLifetime)
2023-03-14 13:02:44,174 DEBUG [HikariPool-1 connection closer][PoolBase.java:129] - HikariPool-1 - Closing connection com.mysql.cj.jdbc.ConnectionImpl@47415784: (connection has passed maxLifetime)
2023-03-14 13:02:44,177 DEBUG [HikariPool-1 connection adder][HikariPool.java:730] - HikariPool-1 - Added connection com.mysql.cj.jdbc.ConnectionImpl@1b73fb81
2023-03-14 13:02:44,177 DEBUG [HikariPool-1 connection adder][HikariPool.java:730] - HikariPool-1 - Added connection com.mysql.cj.jdbc.ConnectionImpl@1b73fb81
2023-03-14 13:02:48,260 DEBUG [HikariPool-1 connection closer][PoolBase.java:129] - HikariPool-1 - Closing connection com.mysql.cj.jdbc.ConnectionImpl@37b0d897: (connection has passed maxLifetime)
2023-03-14 13:02:48,260 DEBUG [HikariPool-1 connection closer][PoolBase.java:129] - HikariPool-1 - Closing connection com.mysql.cj.jdbc.ConnectionImpl@37b0d897: (connection has passed maxLifetime)
2023-03-14 13:02:48,263 DEBUG [HikariPool-1 connection adder][HikariPool.java:730] - HikariPool-1 - Added connection com.mysql.cj.jdbc.ConnectionImpl@c3a4cc8
2023-03-14 13:02:48,263 DEBUG [HikariPool-1 connection adder][HikariPool.java:730] - HikariPool-1 - Added connection com.mysql.cj.jdbc.ConnectionImpl@c3a4cc8
2023-03-14 13:02:49,644 DEBUG [HikariPool-1 connection closer][PoolBase.java:129] - HikariPool-1 - Closing connection com.mysql.cj.jdbc.ConnectionImpl@4b5a9681: (connection has passed maxLifetime)
2023-03-14 13:02:49,644 DEBUG [HikariPool-1 connection closer][PoolBase.java:129] - HikariPool-1 - Closing connection com.mysql.cj.jdbc.ConnectionImpl@4b5a9681: (connection has passed maxLifetime)
2023-03-14 13:02:49,648 DEBUG [HikariPool-1 connection adder][HikariPool.java:730] - HikariPool-1 - Added connection com.mysql.cj.jdbc.ConnectionImpl@1f3d845b
2023-03-14 13:02:49,648 DEBUG [HikariPool-1 connection adder][HikariPool.java:730] - HikariPool-1 - Added connection com.mysql.cj.jdbc.ConnectionImpl@1f3d845b
2023-03-14 13:02:54,194 DEBUG [HikariPool-1 connection closer][PoolBase.java:129] - HikariPool-1 - Closing connection com.mysql.cj.jdbc.ConnectionImpl@4216e066: (connection has passed maxLifetime)
2023-03-14 13:02:54,194 DEBUG [HikariPool-1 connection closer][PoolBase.java:129] - HikariPool-1 - Closing connection com.mysql.cj.jdbc.ConnectionImpl@4216e066: (connection has passed maxLifetime)
2023-03-14 13:02:54,197 DEBUG [HikariPool-1 connection adder][HikariPool.java:730] - HikariPool-1 - Added connection com.mysql.cj.jdbc.ConnectionImpl@51589da9
2023-03-14 13:02:54,197 DEBUG [HikariPool-1 connection adder][HikariPool.java:730] - HikariPool-1 - Added connection com.mysql.cj.jdbc.ConnectionImpl@51589da9
2023-03-14 13:03:07,608 DEBUG [HikariPool-1 housekeeper][HikariPool.java:417] - HikariPool-1 - Pool stats (total=10, active=0, idle=10, waiting=0)
2023-03-14 13:03:07,608 DEBUG [HikariPool-1 housekeeper][HikariPool.java:417] - HikariPool-1 - Pool stats (total=10, active=0, idle=10, waiting=0)
2023-03-14 13:03:37,622 DEBUG [HikariPool-1 housekeeper][HikariPool.java:417] - HikariPool-1 - Pool stats (total=10, active=0, idle=10, waiting=0)
2023-03-14 13:03:37,622 DEBUG [HikariPool-1 housekeeper][HikariPool.java:417] - HikariPool-1 - Pool stats (total=10, active=0, idle=10, waiting=0)
2023-03-14 13:04:07,637 DEBUG [HikariPool-1 housekeeper][HikariPool.java:417] - HikariPool-1 - Pool stats (total=10, active=0, idle=10, waiting=0)
2023-03-14 13:04:07,637 DEBUG [HikariPool-1 housekeeper][HikariPool.java:417] - HikariPool-1 - Pool stats (total=10, active=0, idle=10, waiting=0)
2023-03-14 13:04:37,648 DEBUG [HikariPool-1 housekeeper][HikariPool.java:417] - HikariPool-1 - Pool stats (total=10, active=0, idle=10, waiting=0)
2023-03-14 13:04:37,648 DEBUG [HikariPool-1 housekeeper][HikariPool.java:417] - HikariPool-1 - Pool stats (total=10, active=0, idle=10, waiting=0)
2023-03-14 13:05:07,660 DEBUG [HikariPool-1 housekeeper][HikariPool.java:417] - HikariPool-1 - Pool stats (total=10, active=0, idle=10, waiting=0)
2023-03-14 13:05:07,660 DEBUG [HikariPool-1 housekeeper][HikariPool.java:417] - HikariPool-1 - Pool stats (total=10, active=0, idle=10, waiting=0)
2023-03-14 13:05:37,665 DEBUG [HikariPool-1 housekeeper][HikariPool.java:417] - HikariPool-1 - Pool stats (total=10, active=0, idle=10, waiting=0)
2023-03-14 13:05:37,665 DEBUG [HikariPool-1 housekeeper][HikariPool.java:417] - HikariPool-1 - Pool stats (total=10, active=0, idle=10, waiting=0)
2023-03-14 13:06:07,674 DEBUG [HikariPool-1 housekeeper][HikariPool.java:417] - HikariPool-1 - Pool stats (total=10, active=0, idle=10, waiting=0)
2023-03-14 13:06:07,674 DEBUG [HikariPool-1 housekeeper][HikariPool.java:417] - HikariPool-1 - Pool stats (total=10, active=0, idle=10, waiting=0)
2023-03-14 13:06:37,676 DEBUG [HikariPool-1 housekeeper][HikariPool.java:417] - HikariPool-1 - Pool stats (total=10, active=0, idle=10, waiting=0)
2023-03-14 13:06:37,676 DEBUG [HikariPool-1 housekeeper][HikariPool.java:417] - HikariPool-1 - Pool stats (total=10, active=0, idle=10, waiting=0)
2023-03-14 13:07:07,680 DEBUG [HikariPool-1 housekeeper][HikariPool.java:417] - HikariPool-1 - Pool stats (total=10, active=0, idle=10, waiting=0)
2023-03-14 13:07:07,680 DEBUG [HikariPool-1 housekeeper][HikariPool.java:417] - HikariPool-1 - Pool stats (total=10, active=0, idle=10, waiting=0)
2023-03-14 13:07:37,689 DEBUG [HikariPool-1 housekeeper][HikariPool.java:417] - HikariPool-1 - Pool stats (total=10, active=0, idle=10, waiting=0)
2023-03-14 13:07:37,689 DEBUG [HikariPool-1 housekeeper][HikariPool.java:417] - HikariPool-1 - Pool stats (total=10, active=0, idle=10, waiting=0)
2023-03-14 13:08:07,697 DEBUG [HikariPool-1 housekeeper][HikariPool.java:417] - HikariPool-1 - Pool stats (total=10, active=0, idle=10, waiting=0)
2023-03-14 13:08:07,697 DEBUG [HikariPool-1 housekeeper][HikariPool.java:417] - HikariPool-1 - Pool stats (total=10, active=0, idle=10, waiting=0)
2023-03-14 13:08:37,702 DEBUG [HikariPool-1 housekeeper][HikariPool.java:417] - HikariPool-1 - Pool stats (total=10, active=0, idle=10, waiting=0)
2023-03-14 13:08:37,702 DEBUG [HikariPool-1 housekeeper][HikariPool.java:417] - HikariPool-1 - Pool stats (total=10, active=0, idle=10, waiting=0)
2023-03-14 13:09:07,707 DEBUG [HikariPool-1 housekeeper][HikariPool.java:417] - HikariPool-1 - Pool stats (total=10, active=0, idle=10, waiting=0)
2023-03-14 13:09:07,707 DEBUG [HikariPool-1 housekeeper][HikariPool.java:417] - HikariPool-1 - Pool stats (total=10, active=0, idle=10, waiting=0)
2023-03-14 13:09:37,720 DEBUG [HikariPool-1 housekeeper][HikariPool.java:417] - HikariPool-1 - Pool stats (total=10, active=0, idle=10, waiting=0)
2023-03-14 13:09:37,720 DEBUG [HikariPool-1 housekeeper][HikariPool.java:417] - HikariPool-1 - Pool stats (total=10, active=0, idle=10, waiting=0)
2023-03-14 13:10:07,734 DEBUG [HikariPool-1 housekeeper][HikariPool.java:417] - HikariPool-1 - Pool stats (total=10, active=0, idle=10, waiting=0)
2023-03-14 13:10:07,734 DEBUG [HikariPool-1 housekeeper][HikariPool.java:417] - HikariPool-1 - Pool stats (total=10, active=0, idle=10, waiting=0)
2023-03-14 13:10:37,735 DEBUG [HikariPool-1 housekeeper][HikariPool.java:417] - HikariPool-1 - Pool stats (total=10, active=0, idle=10, waiting=0)
2023-03-14 13:10:37,735 DEBUG [HikariPool-1 housekeeper][HikariPool.java:417] - HikariPool-1 - Pool stats (total=10, active=0, idle=10, waiting=0)
2023-03-14 13:11:07,750 DEBUG [HikariPool-1 housekeeper][HikariPool.java:417] - HikariPool-1 - Pool stats (total=10, active=0, idle=10, waiting=0)
2023-03-14 13:11:07,750 DEBUG [HikariPool-1 housekeeper][HikariPool.java:417] - HikariPool-1 - Pool stats (total=10, active=0, idle=10, waiting=0)
2023-03-14 13:11:37,758 DEBUG [HikariPool-1 housekeeper][HikariPool.java:417] - HikariPool-1 - Pool stats (total=10, active=0, idle=10, waiting=0)
2023-03-14 13:11:37,758 DEBUG [HikariPool-1 housekeeper][HikariPool.java:417] - HikariPool-1 - Pool stats (total=10, active=0, idle=10, waiting=0)
2023-03-14 13:12:07,768 DEBUG [HikariPool-1 housekeeper][HikariPool.java:417] - HikariPool-1 - Pool stats (total=10, active=0, idle=10, waiting=0)
2023-03-14 13:12:07,768 DEBUG [HikariPool-1 housekeeper][HikariPool.java:417] - HikariPool-1 - Pool stats (total=10, active=0, idle=10, waiting=0)
2023-03-14 13:12:37,780 DEBUG [HikariPool-1 housekeeper][HikariPool.java:417] - HikariPool-1 - Pool stats (total=10, active=0, idle=10, waiting=0)
2023-03-14 13:12:37,780 DEBUG [HikariPool-1 housekeeper][HikariPool.java:417] - HikariPool-1 - Pool stats (total=10, active=0, idle=10, waiting=0)
2023-03-14 13:13:07,786 DEBUG [HikariPool-1 housekeeper][HikariPool.java:417] - HikariPool-1 - Pool stats (total=10, active=0, idle=10, waiting=0)
2023-03-14 13:13:07,786 DEBUG [HikariPool-1 housekeeper][HikariPool.java:417] - HikariPool-1 - Pool stats (total=10, active=0, idle=10, waiting=0)
2023-03-14 13:13:37,791 DEBUG [HikariPool-1 housekeeper][HikariPool.java:417] - HikariPool-1 - Pool stats (total=10, active=0, idle=10, waiting=0)
2023-03-14 13:13:37,791 DEBUG [HikariPool-1 housekeeper][HikariPool.java:417] - HikariPool-1 - Pool stats (total=10, active=0, idle=10, waiting=0)
2023-03-14 13:14:07,792 DEBUG [HikariPool-1 housekeeper][HikariPool.java:417] - HikariPool-1 - Pool stats (total=10, active=0, idle=10, waiting=0)
2023-03-14 13:14:07,792 DEBUG [HikariPool-1 housekeeper][HikariPool.java:417] - HikariPool-1 - Pool stats (total=10, active=0, idle=10, waiting=0)
2023-03-14 13:14:37,797 DEBUG [HikariPool-1 housekeeper][HikariPool.java:417] - HikariPool-1 - Pool stats (total=10, active=0, idle=10, waiting=0)
2023-03-14 13:14:37,797 DEBUG [HikariPool-1 housekeeper][HikariPool.java:417] - HikariPool-1 - Pool stats (total=10, active=0, idle=10, waiting=0)
2023-03-14 13:15:07,806 DEBUG [HikariPool-1 housekeeper][HikariPool.java:417] - HikariPool-1 - Pool stats (total=10, active=0, idle=10, waiting=0)
2023-03-14 13:15:07,806 DEBUG [HikariPool-1 housekeeper][HikariPool.java:417] - HikariPool-1 - Pool stats (total=10, active=0, idle=10, waiting=0)
2023-03-14 13:15:37,810 DEBUG [HikariPool-1 housekeeper][HikariPool.java:417] - HikariPool-1 - Pool stats (total=10, active=0, idle=10, waiting=0)
2023-03-14 13:15:37,810 DEBUG [HikariPool-1 housekeeper][HikariPool.java:417] - HikariPool-1 - Pool stats (total=10, active=0, idle=10, waiting=0)
2023-03-14 13:16:07,818 DEBUG [HikariPool-1 housekeeper][HikariPool.java:417] - HikariPool-1 - Pool stats (total=10, active=0, idle=10, waiting=0)
2023-03-14 13:16:07,818 DEBUG [HikariPool-1 housekeeper][HikariPool.java:417] - HikariPool-1 - Pool stats (total=10, active=0, idle=10, waiting=0)
2023-03-14 13:16:37,824 DEBUG [HikariPool-1 housekeeper][HikariPool.java:417] - HikariPool-1 - Pool stats (total=10, active=0, idle=10, waiting=0)
2023-03-14 13:16:37,824 DEBUG [HikariPool-1 housekeeper][HikariPool.java:417] - HikariPool-1 - Pool stats (total=10, active=0, idle=10, waiting=0)
2023-03-14 13:17:07,833 DEBUG [HikariPool-1 housekeeper][HikariPool.java:417] - HikariPool-1 - Pool stats (total=10, active=0, idle=10, waiting=0)
2023-03-14 13:17:07,833 DEBUG [HikariPool-1 housekeeper][HikariPool.java:417] - HikariPool-1 - Pool stats (total=10, active=0, idle=10, waiting=0)
2023-03-14 13:17:37,848 DEBUG [HikariPool-1 housekeeper][HikariPool.java:417] - HikariPool-1 - Pool stats (total=10, active=0, idle=10, waiting=0)
2023-03-14 13:17:37,848 DEBUG [HikariPool-1 housekeeper][HikariPool.java:417] - HikariPool-1 - Pool stats (total=10, active=0, idle=10, waiting=0)
2023-03-14 13:18:07,849 DEBUG [HikariPool-1 housekeeper][HikariPool.java:417] - HikariPool-1 - Pool stats (total=10, active=0, idle=10, waiting=0)
2023-03-14 13:18:07,849 DEBUG [HikariPool-1 housekeeper][HikariPool.java:417] - HikariPool-1 - Pool stats (total=10, active=0, idle=10, waiting=0)
2023-03-14 13:18:37,857 DEBUG [HikariPool-1 housekeeper][HikariPool.java:417] - HikariPool-1 - Pool stats (total=10, active=0, idle=10, waiting=0)
2023-03-14 13:18:37,857 DEBUG [HikariPool-1 housekeeper][HikariPool.java:417] - HikariPool-1 - Pool stats (total=10, active=0, idle=10, waiting=0)
2023-03-14 13:19:07,858 DEBUG [HikariPool-1 housekeeper][HikariPool.java:417] - HikariPool-1 - Pool stats (total=10, active=0, idle=10, waiting=0)
2023-03-14 13:19:07,858 DEBUG [HikariPool-1 housekeeper][HikariPool.java:417] - HikariPool-1 - Pool stats (total=10, active=0, idle=10, waiting=0)
2023-03-14 13:19:37,867 DEBUG [HikariPool-1 housekeeper][HikariPool.java:417] - HikariPool-1 - Pool stats (total=10, active=0, idle=10, waiting=0)
2023-03-14 13:19:37,867 DEBUG [HikariPool-1 housekeeper][HikariPool.java:417] - HikariPool-1 - Pool stats (total=10, active=0, idle=10, waiting=0)
2023-03-14 13:20:07,878 DEBUG [HikariPool-1 housekeeper][HikariPool.java:417] - HikariPool-1 - Pool stats (total=10, active=0, idle=10, waiting=0)
2023-03-14 13:20:07,878 DEBUG [HikariPool-1 housekeeper][HikariPool.java:417] - HikariPool-1 - Pool stats (total=10, active=0, idle=10, waiting=0)
2023-03-14 13:20:37,884 DEBUG [HikariPool-1 housekeeper][HikariPool.java:417] - HikariPool-1 - Pool stats (total=10, active=0, idle=10, waiting=0)
2023-03-14 13:20:37,884 DEBUG [HikariPool-1 housekeeper][HikariPool.java:417] - HikariPool-1 - Pool stats (total=10, active=0, idle=10, waiting=0)
2023-03-14 13:21:07,890 DEBUG [HikariPool-1 housekeeper][HikariPool.java:417] - HikariPool-1 - Pool stats (total=10, active=0, idle=10, waiting=0)
2023-03-14 13:21:07,890 DEBUG [HikariPool-1 housekeeper][HikariPool.java:417] - HikariPool-1 - Pool stats (total=10, active=0, idle=10, waiting=0)
2023-03-14 13:21:37,891 DEBUG [HikariPool-1 housekeeper][HikariPool.java:417] - HikariPool-1 - Pool stats (total=10, active=0, idle=10, waiting=0)
2023-03-14 13:21:37,891 DEBUG [HikariPool-1 housekeeper][HikariPool.java:417] - HikariPool-1 - Pool stats (total=10, active=0, idle=10, waiting=0)
2023-03-14 13:22:07,900 DEBUG [HikariPool-1 housekeeper][HikariPool.java:417] - HikariPool-1 - Pool stats (total=10, active=0, idle=10, waiting=0)
2023-03-14 13:22:07,900 DEBUG [HikariPool-1 housekeeper][HikariPool.java:417] - HikariPool-1 - Pool stats (total=10, active=0, idle=10, waiting=0)
2023-03-14 13:22:37,909 DEBUG [HikariPool-1 housekeeper][HikariPool.java:417] - HikariPool-1 - Pool stats (total=10, active=0, idle=10, waiting=0)
2023-03-14 13:22:37,909 DEBUG [HikariPool-1 housekeeper][HikariPool.java:417] - HikariPool-1 - Pool stats (total=10, active=0, idle=10, waiting=0)
2023-03-14 13:23:07,918 DEBUG [HikariPool-1 housekeeper][HikariPool.java:417] - HikariPool-1 - Pool stats (total=10, active=0, idle=10, waiting=0)
2023-03-14 13:23:07,918 DEBUG [HikariPool-1 housekeeper][HikariPool.java:417] - HikariPool-1 - Pool stats (total=10, active=0, idle=10, waiting=0)
2023-03-14 13:23:37,925 DEBUG [HikariPool-1 housekeeper][HikariPool.java:417] - HikariPool-1 - Pool stats (total=10, active=0, idle=10, waiting=0)
2023-03-14 13:23:37,925 DEBUG [HikariPool-1 housekeeper][HikariPool.java:417] - HikariPool-1 - Pool stats (total=10, active=0, idle=10, waiting=0)
2023-03-14 13:24:07,936 DEBUG [HikariPool-1 housekeeper][HikariPool.java:417] - HikariPool-1 - Pool stats (total=10, active=0, idle=10, waiting=0)
2023-03-14 13:24:07,936 DEBUG [HikariPool-1 housekeeper][HikariPool.java:417] - HikariPool-1 - Pool stats (total=10, active=0, idle=10, waiting=0)
2023-03-14 13:24:37,947 DEBUG [HikariPool-1 housekeeper][HikariPool.java:417] - HikariPool-1 - Pool stats (total=10, active=0, idle=10, waiting=0)
2023-03-14 13:24:37,947 DEBUG [HikariPool-1 housekeeper][HikariPool.java:417] - HikariPool-1 - Pool stats (total=10, active=0, idle=10, waiting=0)
2023-03-14 13:25:07,962 DEBUG [HikariPool-1 housekeeper][HikariPool.java:417] - HikariPool-1 - Pool stats (total=10, active=0, idle=10, waiting=0)
2023-03-14 13:25:07,962 DEBUG [HikariPool-1 housekeeper][HikariPool.java:417] - HikariPool-1 - Pool stats (total=10, active=0, idle=10, waiting=0)
2023-03-14 13:25:09,952 DEBUG [http-nio-63110-exec-3][BaseJdbcLogger.java:137] - ==>  Preparing: SELECT id,name,code,item_values FROM dictionary
2023-03-14 13:25:09,952 DEBUG [http-nio-63110-exec-3][BaseJdbcLogger.java:137] - ==>  Preparing: SELECT id,name,code,item_values FROM dictionary
2023-03-14 13:25:09,952 DEBUG [http-nio-63110-exec-3][BaseJdbcLogger.java:137] - ==> Parameters: 
2023-03-14 13:25:09,952 DEBUG [http-nio-63110-exec-3][BaseJdbcLogger.java:137] - ==> Parameters: 
2023-03-14 13:25:09,962 DEBUG [http-nio-63110-exec-3][BaseJdbcLogger.java:137] - <==      Total: 17
2023-03-14 13:25:09,962 DEBUG [http-nio-63110-exec-3][BaseJdbcLogger.java:137] - <==      Total: 17
2023-03-14 13:25:37,977 DEBUG [HikariPool-1 housekeeper][HikariPool.java:417] - HikariPool-1 - Pool stats (total=10, active=0, idle=10, waiting=0)
2023-03-14 13:25:37,977 DEBUG [HikariPool-1 housekeeper][HikariPool.java:417] - HikariPool-1 - Pool stats (total=10, active=0, idle=10, waiting=0)
2023-03-14 13:26:07,991 DEBUG [HikariPool-1 housekeeper][HikariPool.java:417] - HikariPool-1 - Pool stats (total=10, active=0, idle=10, waiting=0)
2023-03-14 13:26:07,991 DEBUG [HikariPool-1 housekeeper][HikariPool.java:417] - HikariPool-1 - Pool stats (total=10, active=0, idle=10, waiting=0)
2023-03-14 13:26:37,995 DEBUG [HikariPool-1 housekeeper][HikariPool.java:417] - HikariPool-1 - Pool stats (total=10, active=0, idle=10, waiting=0)
2023-03-14 13:26:37,995 DEBUG [HikariPool-1 housekeeper][HikariPool.java:417] - HikariPool-1 - Pool stats (total=10, active=0, idle=10, waiting=0)
2023-03-14 13:27:08,006 DEBUG [HikariPool-1 housekeeper][HikariPool.java:417] - HikariPool-1 - Pool stats (total=10, active=0, idle=10, waiting=0)
2023-03-14 13:27:08,006 DEBUG [HikariPool-1 housekeeper][HikariPool.java:417] - HikariPool-1 - Pool stats (total=10, active=0, idle=10, waiting=0)
2023-03-14 13:27:38,014 DEBUG [HikariPool-1 housekeeper][HikariPool.java:417] - HikariPool-1 - Pool stats (total=10, active=0, idle=10, waiting=0)
2023-03-14 13:27:38,014 DEBUG [HikariPool-1 housekeeper][HikariPool.java:417] - HikariPool-1 - Pool stats (total=10, active=0, idle=10, waiting=0)
2023-03-14 13:28:08,028 DEBUG [HikariPool-1 housekeeper][HikariPool.java:417] - HikariPool-1 - Pool stats (total=10, active=0, idle=10, waiting=0)
2023-03-14 13:28:08,028 DEBUG [HikariPool-1 housekeeper][HikariPool.java:417] - HikariPool-1 - Pool stats (total=10, active=0, idle=10, waiting=0)
2023-03-14 13:28:38,042 DEBUG [HikariPool-1 housekeeper][HikariPool.java:417] - HikariPool-1 - Pool stats (total=10, active=0, idle=10, waiting=0)
2023-03-14 13:28:38,042 DEBUG [HikariPool-1 housekeeper][HikariPool.java:417] - HikariPool-1 - Pool stats (total=10, active=0, idle=10, waiting=0)
2023-03-14 13:29:08,049 DEBUG [HikariPool-1 housekeeper][HikariPool.java:417] - HikariPool-1 - Pool stats (total=10, active=0, idle=10, waiting=0)
2023-03-14 13:29:08,049 DEBUG [HikariPool-1 housekeeper][HikariPool.java:417] - HikariPool-1 - Pool stats (total=10, active=0, idle=10, waiting=0)
2023-03-14 13:29:38,062 DEBUG [HikariPool-1 housekeeper][HikariPool.java:417] - HikariPool-1 - Pool stats (total=10, active=0, idle=10, waiting=0)
2023-03-14 13:29:38,062 DEBUG [HikariPool-1 housekeeper][HikariPool.java:417] - HikariPool-1 - Pool stats (total=10, active=0, idle=10, waiting=0)
2023-03-14 13:30:08,068 DEBUG [HikariPool-1 housekeeper][HikariPool.java:417] - HikariPool-1 - Pool stats (total=10, active=0, idle=10, waiting=0)
2023-03-14 13:30:08,068 DEBUG [HikariPool-1 housekeeper][HikariPool.java:417] - HikariPool-1 - Pool stats (total=10, active=0, idle=10, waiting=0)
2023-03-14 13:30:38,075 DEBUG [HikariPool-1 housekeeper][HikariPool.java:417] - HikariPool-1 - Pool stats (total=10, active=0, idle=10, waiting=0)
2023-03-14 13:30:38,075 DEBUG [HikariPool-1 housekeeper][HikariPool.java:417] - HikariPool-1 - Pool stats (total=10, active=0, idle=10, waiting=0)
2023-03-14 13:31:08,087 DEBUG [HikariPool-1 housekeeper][HikariPool.java:417] - HikariPool-1 - Pool stats (total=10, active=0, idle=10, waiting=0)
2023-03-14 13:31:08,087 DEBUG [HikariPool-1 housekeeper][HikariPool.java:417] - HikariPool-1 - Pool stats (total=10, active=0, idle=10, waiting=0)
2023-03-14 13:31:20,447 DEBUG [HikariPool-1 connection closer][PoolBase.java:129] - HikariPool-1 - Closing connection com.mysql.cj.jdbc.ConnectionImpl@40ea04f: (connection has passed maxLifetime)
2023-03-14 13:31:20,447 DEBUG [HikariPool-1 connection closer][PoolBase.java:129] - HikariPool-1 - Closing connection com.mysql.cj.jdbc.ConnectionImpl@40ea04f: (connection has passed maxLifetime)
2023-03-14 13:31:20,451 DEBUG [HikariPool-1 connection adder][HikariPool.java:730] - HikariPool-1 - Added connection com.mysql.cj.jdbc.ConnectionImpl@30bd8a00
2023-03-14 13:31:20,451 DEBUG [HikariPool-1 connection adder][HikariPool.java:730] - HikariPool-1 - Added connection com.mysql.cj.jdbc.ConnectionImpl@30bd8a00
2023-03-14 13:31:27,922 DEBUG [HikariPool-1 connection closer][PoolBase.java:129] - HikariPool-1 - Closing connection com.mysql.cj.jdbc.ConnectionImpl@132a89ee: (connection has passed maxLifetime)
2023-03-14 13:31:27,922 DEBUG [HikariPool-1 connection closer][PoolBase.java:129] - HikariPool-1 - Closing connection com.mysql.cj.jdbc.ConnectionImpl@132a89ee: (connection has passed maxLifetime)
2023-03-14 13:31:27,925 DEBUG [HikariPool-1 connection adder][HikariPool.java:730] - HikariPool-1 - Added connection com.mysql.cj.jdbc.ConnectionImpl@51fefdfa
2023-03-14 13:31:27,925 DEBUG [HikariPool-1 connection adder][HikariPool.java:730] - HikariPool-1 - Added connection com.mysql.cj.jdbc.ConnectionImpl@51fefdfa
2023-03-14 13:31:38,094 DEBUG [HikariPool-1 housekeeper][HikariPool.java:417] - HikariPool-1 - Pool stats (total=10, active=0, idle=10, waiting=0)
2023-03-14 13:31:38,094 DEBUG [HikariPool-1 housekeeper][HikariPool.java:417] - HikariPool-1 - Pool stats (total=10, active=0, idle=10, waiting=0)
2023-03-14 13:32:02,322 DEBUG [HikariPool-1 connection closer][PoolBase.java:129] - HikariPool-1 - Closing connection com.mysql.cj.jdbc.ConnectionImpl@521783d5: (connection has passed maxLifetime)
2023-03-14 13:32:02,322 DEBUG [HikariPool-1 connection closer][PoolBase.java:129] - HikariPool-1 - Closing connection com.mysql.cj.jdbc.ConnectionImpl@521783d5: (connection has passed maxLifetime)
2023-03-14 13:32:02,325 DEBUG [HikariPool-1 connection adder][HikariPool.java:730] - HikariPool-1 - Added connection com.mysql.cj.jdbc.ConnectionImpl@20139030
2023-03-14 13:32:02,325 DEBUG [HikariPool-1 connection adder][HikariPool.java:730] - HikariPool-1 - Added connection com.mysql.cj.jdbc.ConnectionImpl@20139030
2023-03-14 13:32:08,108 DEBUG [HikariPool-1 housekeeper][HikariPool.java:417] - HikariPool-1 - Pool stats (total=10, active=0, idle=10, waiting=0)
2023-03-14 13:32:08,108 DEBUG [HikariPool-1 housekeeper][HikariPool.java:417] - HikariPool-1 - Pool stats (total=10, active=0, idle=10, waiting=0)
2023-03-14 13:32:10,624 DEBUG [HikariPool-1 connection closer][PoolBase.java:129] - HikariPool-1 - Closing connection com.mysql.cj.jdbc.ConnectionImpl@51589da9: (connection has passed maxLifetime)
2023-03-14 13:32:10,624 DEBUG [HikariPool-1 connection closer][PoolBase.java:129] - HikariPool-1 - Closing connection com.mysql.cj.jdbc.ConnectionImpl@51589da9: (connection has passed maxLifetime)
2023-03-14 13:32:10,626 DEBUG [HikariPool-1 connection adder][HikariPool.java:730] - HikariPool-1 - Added connection com.mysql.cj.jdbc.ConnectionImpl@20611d28
2023-03-14 13:32:10,626 DEBUG [HikariPool-1 connection adder][HikariPool.java:730] - HikariPool-1 - Added connection com.mysql.cj.jdbc.ConnectionImpl@20611d28
2023-03-14 13:32:13,141 DEBUG [HikariPool-1 connection closer][PoolBase.java:129] - HikariPool-1 - Closing connection com.mysql.cj.jdbc.ConnectionImpl@3a610ef5: (connection has passed maxLifetime)
2023-03-14 13:32:13,141 DEBUG [HikariPool-1 connection closer][PoolBase.java:129] - HikariPool-1 - Closing connection com.mysql.cj.jdbc.ConnectionImpl@3a610ef5: (connection has passed maxLifetime)
2023-03-14 13:32:13,145 DEBUG [HikariPool-1 connection adder][HikariPool.java:730] - HikariPool-1 - Added connection com.mysql.cj.jdbc.ConnectionImpl@615c1713
2023-03-14 13:32:13,145 DEBUG [HikariPool-1 connection adder][HikariPool.java:730] - HikariPool-1 - Added connection com.mysql.cj.jdbc.ConnectionImpl@615c1713
2023-03-14 13:32:18,891 DEBUG [HikariPool-1 connection closer][PoolBase.java:129] - HikariPool-1 - Closing connection com.mysql.cj.jdbc.ConnectionImpl@7b5c04ce: (connection has passed maxLifetime)
2023-03-14 13:32:18,891 DEBUG [HikariPool-1 connection closer][PoolBase.java:129] - HikariPool-1 - Closing connection com.mysql.cj.jdbc.ConnectionImpl@7b5c04ce: (connection has passed maxLifetime)
2023-03-14 13:32:18,893 DEBUG [HikariPool-1 connection adder][HikariPool.java:730] - HikariPool-1 - Added connection com.mysql.cj.jdbc.ConnectionImpl@4cd0890f
2023-03-14 13:32:18,893 DEBUG [HikariPool-1 connection adder][HikariPool.java:730] - HikariPool-1 - Added connection com.mysql.cj.jdbc.ConnectionImpl@4cd0890f
2023-03-14 13:32:25,822 DEBUG [HikariPool-1 connection closer][PoolBase.java:129] - HikariPool-1 - Closing connection com.mysql.cj.jdbc.ConnectionImpl@4aeddc90: (connection has passed maxLifetime)
2023-03-14 13:32:25,822 DEBUG [HikariPool-1 connection closer][PoolBase.java:129] - HikariPool-1 - Closing connection com.mysql.cj.jdbc.ConnectionImpl@4aeddc90: (connection has passed maxLifetime)
2023-03-14 13:32:25,825 DEBUG [HikariPool-1 connection adder][HikariPool.java:730] - HikariPool-1 - Added connection com.mysql.cj.jdbc.ConnectionImpl@c3c1c2e
2023-03-14 13:32:25,825 DEBUG [HikariPool-1 connection adder][HikariPool.java:730] - HikariPool-1 - Added connection com.mysql.cj.jdbc.ConnectionImpl@c3c1c2e
2023-03-14 13:32:27,857 DEBUG [HikariPool-1 connection closer][PoolBase.java:129] - HikariPool-1 - Closing connection com.mysql.cj.jdbc.ConnectionImpl@1f3d845b: (connection has passed maxLifetime)
2023-03-14 13:32:27,857 DEBUG [HikariPool-1 connection closer][PoolBase.java:129] - HikariPool-1 - Closing connection com.mysql.cj.jdbc.ConnectionImpl@1f3d845b: (connection has passed maxLifetime)
2023-03-14 13:32:27,860 DEBUG [HikariPool-1 connection adder][HikariPool.java:730] - HikariPool-1 - Added connection com.mysql.cj.jdbc.ConnectionImpl@4d011615
2023-03-14 13:32:27,860 DEBUG [HikariPool-1 connection adder][HikariPool.java:730] - HikariPool-1 - Added connection com.mysql.cj.jdbc.ConnectionImpl@4d011615
2023-03-14 13:32:35,351 DEBUG [HikariPool-1 connection closer][PoolBase.java:129] - HikariPool-1 - Closing connection com.mysql.cj.jdbc.ConnectionImpl@c3a4cc8: (connection has passed maxLifetime)
2023-03-14 13:32:35,351 DEBUG [HikariPool-1 connection closer][PoolBase.java:129] - HikariPool-1 - Closing connection com.mysql.cj.jdbc.ConnectionImpl@c3a4cc8: (connection has passed maxLifetime)
2023-03-14 13:32:35,354 DEBUG [HikariPool-1 connection adder][HikariPool.java:730] - HikariPool-1 - Added connection com.mysql.cj.jdbc.ConnectionImpl@117d6d70
2023-03-14 13:32:35,354 DEBUG [HikariPool-1 connection adder][HikariPool.java:730] - HikariPool-1 - Added connection com.mysql.cj.jdbc.ConnectionImpl@117d6d70
2023-03-14 13:32:38,118 DEBUG [HikariPool-1 housekeeper][HikariPool.java:417] - HikariPool-1 - Pool stats (total=10, active=0, idle=10, waiting=0)
2023-03-14 13:32:38,118 DEBUG [HikariPool-1 housekeeper][HikariPool.java:417] - HikariPool-1 - Pool stats (total=10, active=0, idle=10, waiting=0)
2023-03-14 13:32:39,161 DEBUG [HikariPool-1 connection closer][PoolBase.java:129] - HikariPool-1 - Closing connection com.mysql.cj.jdbc.ConnectionImpl@1b73fb81: (connection has passed maxLifetime)
2023-03-14 13:32:39,161 DEBUG [HikariPool-1 connection closer][PoolBase.java:129] - HikariPool-1 - Closing connection com.mysql.cj.jdbc.ConnectionImpl@1b73fb81: (connection has passed maxLifetime)
2023-03-14 13:32:39,164 DEBUG [HikariPool-1 connection adder][HikariPool.java:730] - HikariPool-1 - Added connection com.mysql.cj.jdbc.ConnectionImpl@5040674b
2023-03-14 13:32:39,164 DEBUG [HikariPool-1 connection adder][HikariPool.java:730] - HikariPool-1 - Added connection com.mysql.cj.jdbc.ConnectionImpl@5040674b
2023-03-14 13:33:08,123 DEBUG [HikariPool-1 housekeeper][HikariPool.java:417] - HikariPool-1 - Pool stats (total=10, active=0, idle=10, waiting=0)
2023-03-14 13:33:08,123 DEBUG [HikariPool-1 housekeeper][HikariPool.java:417] - HikariPool-1 - Pool stats (total=10, active=0, idle=10, waiting=0)
2023-03-14 13:33:38,137 DEBUG [HikariPool-1 housekeeper][HikariPool.java:417] - HikariPool-1 - Pool stats (total=10, active=0, idle=10, waiting=0)
2023-03-14 13:33:38,137 DEBUG [HikariPool-1 housekeeper][HikariPool.java:417] - HikariPool-1 - Pool stats (total=10, active=0, idle=10, waiting=0)
2023-03-14 13:34:08,138 DEBUG [HikariPool-1 housekeeper][HikariPool.java:417] - HikariPool-1 - Pool stats (total=10, active=0, idle=10, waiting=0)
2023-03-14 13:34:08,138 DEBUG [HikariPool-1 housekeeper][HikariPool.java:417] - HikariPool-1 - Pool stats (total=10, active=0, idle=10, waiting=0)
2023-03-14 13:34:38,152 DEBUG [HikariPool-1 housekeeper][HikariPool.java:417] - HikariPool-1 - Pool stats (total=10, active=0, idle=10, waiting=0)
2023-03-14 13:34:38,152 DEBUG [HikariPool-1 housekeeper][HikariPool.java:417] - HikariPool-1 - Pool stats (total=10, active=0, idle=10, waiting=0)
2023-03-14 13:35:08,153 DEBUG [HikariPool-1 housekeeper][HikariPool.java:417] - HikariPool-1 - Pool stats (total=10, active=0, idle=10, waiting=0)
2023-03-14 13:35:08,153 DEBUG [HikariPool-1 housekeeper][HikariPool.java:417] - HikariPool-1 - Pool stats (total=10, active=0, idle=10, waiting=0)
2023-03-14 13:35:38,168 DEBUG [HikariPool-1 housekeeper][HikariPool.java:417] - HikariPool-1 - Pool stats (total=10, active=0, idle=10, waiting=0)
2023-03-14 13:35:38,168 DEBUG [HikariPool-1 housekeeper][HikariPool.java:417] - HikariPool-1 - Pool stats (total=10, active=0, idle=10, waiting=0)
2023-03-14 13:36:08,170 DEBUG [HikariPool-1 housekeeper][HikariPool.java:417] - HikariPool-1 - Pool stats (total=10, active=0, idle=10, waiting=0)
2023-03-14 13:36:08,170 DEBUG [HikariPool-1 housekeeper][HikariPool.java:417] - HikariPool-1 - Pool stats (total=10, active=0, idle=10, waiting=0)
2023-03-14 13:36:38,184 DEBUG [HikariPool-1 housekeeper][HikariPool.java:417] - HikariPool-1 - Pool stats (total=10, active=0, idle=10, waiting=0)
2023-03-14 13:36:38,184 DEBUG [HikariPool-1 housekeeper][HikariPool.java:417] - HikariPool-1 - Pool stats (total=10, active=0, idle=10, waiting=0)
2023-03-14 13:36:46,234 DEBUG [http-nio-63110-exec-7][BaseJdbcLogger.java:137] - ==>  Preparing: SELECT id,name,code,item_values FROM dictionary
2023-03-14 13:36:46,234 DEBUG [http-nio-63110-exec-7][BaseJdbcLogger.java:137] - ==>  Preparing: SELECT id,name,code,item_values FROM dictionary
2023-03-14 13:36:46,235 DEBUG [http-nio-63110-exec-7][BaseJdbcLogger.java:137] - ==> Parameters: 
2023-03-14 13:36:46,235 DEBUG [http-nio-63110-exec-7][BaseJdbcLogger.java:137] - ==> Parameters: 
2023-03-14 13:36:46,237 DEBUG [http-nio-63110-exec-7][BaseJdbcLogger.java:137] - <==      Total: 17
2023-03-14 13:36:46,237 DEBUG [http-nio-63110-exec-7][BaseJdbcLogger.java:137] - <==      Total: 17
